[0.031s] Invoking command in '/home/ferradar/ros2_ws/build/autonomous_patrol': CMAKE_PREFIX_PATH=${CMAKE_PREFIX_PATH}:/opt/ros/humble /usr/bin/cmake /home/ferradar/ros2_ws/src/nomeer_robot_ros2/src/autonomous_patrol -DAMENT_CMAKE_SYMLINK_INSTALL=1 -DCMAKE_INSTALL_PREFIX=/home/ferradar/ros2_ws/install/autonomous_patrol
[0.125s] -- Found ament_cmake: 1.3.12 (/opt/ros/humble/share/ament_cmake/cmake)
[0.364s] -- Override CMake install command with custom implementation using symlinks instead of copying resources
[0.407s] -- Found rclpy: 3.3.19 (/opt/ros/humble/share/rclpy/cmake)
[0.643s] -- Configuring done
[0.654s] -- Generating done
[0.658s] -- Build files have been written to: /home/ferradar/ros2_ws/build/autonomous_patrol
[0.674s] Invoked command in '/home/ferradar/ros2_ws/build/autonomous_patrol' returned '0': CMAKE_PREFIX_PATH=${CMAKE_PREFIX_PATH}:/opt/ros/humble /usr/bin/cmake /home/ferradar/ros2_ws/src/nomeer_robot_ros2/src/autonomous_patrol -DAMENT_CMAKE_SYMLINK_INSTALL=1 -DCMAKE_INSTALL_PREFIX=/home/ferradar/ros2_ws/install/autonomous_patrol
[0.688s] Invoking command in '/home/ferradar/ros2_ws/build/autonomous_patrol': CMAKE_PREFIX_PATH=${CMAKE_PREFIX_PATH}:/opt/ros/humble /usr/bin/cmake --build /home/ferradar/ros2_ws/build/autonomous_patrol -- -j6 -l6
[0.770s] failed to create symbolic link '/home/ferradar/ros2_ws/build/autonomous_patrol/ament_cmake_python/autonomous_patrol/autonomous_patrol' because existing path cannot be removed: Is a directory
[0.772s] gmake[2]: *** [CMakeFiles/ament_cmake_python_symlink_autonomous_patrol.dir/build.make:70: CMakeFiles/ament_cmake_python_symlink_autonomous_patrol] Error 1
[0.772s] gmake[1]: *** [CMakeFiles/Makefile2:138: CMakeFiles/ament_cmake_python_symlink_autonomous_patrol.dir/all] Error 2
[0.773s] gmake: *** [Makefile:146: all] Error 2
[0.780s] Invoked command in '/home/ferradar/ros2_ws/build/autonomous_patrol' returned '2': CMAKE_PREFIX_PATH=${CMAKE_PREFIX_PATH}:/opt/ros/humble /usr/bin/cmake --build /home/ferradar/ros2_ws/build/autonomous_patrol -- -j6 -l6
