[0.016s] Invoking command in '/home/ferradar/ros2_ws/build/autonomous_patrol': /usr/bin/cmake --build /home/ferradar/ros2_ws/build/autonomous_patrol -- -j6 -l6
[0.066s] -- Found ament_cmake: 1.3.12 (/opt/ros/humble/share/ament_cmake/cmake)
[0.274s] -- Found rclpy: 3.3.19 (/opt/ros/humble/share/rclpy/cmake)
[0.339s] Error parsing '/home/ferradar/ros2_ws/src/nomeer_robot_ros2/src/autonomous_patrol/package.xml':
[0.395s] Traceback (most recent call last):
[0.396s]   File "/opt/ros/humble/share/ament_cmake_core/cmake/core/package_xml_2_cmake.py", line 150, in <module>
[0.396s]     main()
[0.396s]   File "/opt/ros/humble/share/ament_cmake_core/cmake/core/package_xml_2_cmake.py", line 53, in main
[0.396s]     raise e
[0.396s]   File "/opt/ros/humble/share/ament_cmake_core/cmake/core/package_xml_2_cmake.py", line 49, in main
[0.396s]     package = parse_package_string(
[0.397s]   File "/usr/lib/python3/dist-packages/catkin_pkg/package.py", line 786, in parse_package_string
[0.402s]     raise InvalidPackage('Error(s):%s' % (''.join(['\n- %s' % e for e in errors])), filename)
[0.402s] catkin_pkg.package.InvalidPackage: Error(s) in package '/home/ferradar/ros2_ws/src/nomeer_robot_ros2/src/autonomous_patrol/package.xml':
[0.402s] Error(s):
[0.402s] - The generic dependency on 'gazebo_msgs' is redundant with: build_depend, build_export_depend, exec_depend
[0.423s] CMake Error at /opt/ros/humble/share/ament_cmake_core/cmake/core/ament_package_xml.cmake:95 (message):
[0.423s]   execute_process(/usr/bin/python3
[0.424s]   /opt/ros/humble/share/ament_cmake_core/cmake/core/package_xml_2_cmake.py
[0.424s]   /home/ferradar/ros2_ws/src/nomeer_robot_ros2/src/autonomous_patrol/package.xml
[0.424s]   /home/ferradar/ros2_ws/build/autonomous_patrol/ament_cmake_core/package.cmake)
[0.424s]   returned error code 1
[0.424s] Call Stack (most recent call first):
[0.424s]   /opt/ros/humble/share/ament_cmake_core/cmake/core/ament_package_xml.cmake:49 (_ament_package_xml)
[0.424s]   /opt/ros/humble/share/ament_cmake_python/cmake/ament_python_install_package.cmake:60 (ament_package_xml)
[0.424s]   /opt/ros/humble/share/ament_cmake_python/cmake/ament_python_install_package.cmake:39 (_ament_cmake_python_install_package)
[0.424s]   CMakeLists.txt:24 (ament_python_install_package)
[0.424s] 
[0.430s] 
[0.431s] -- Configuring incomplete, errors occurred!
[0.432s] See also "/home/ferradar/ros2_ws/build/autonomous_patrol/CMakeFiles/CMakeOutput.log".
[0.433s] gmake: *** [Makefile:254: cmake_check_build_system] Error 1
[0.436s] Invoked command in '/home/ferradar/ros2_ws/build/autonomous_patrol' returned '2': /usr/bin/cmake --build /home/ferradar/ros2_ws/build/autonomous_patrol -- -j6 -l6
